{"D:\\GitHub\\gimadiev-adel-js-21-03\\attestation_03\\server\\src\\app.js": {"path":"D:\\GitHub\\gimadiev-adel-js-21-03\\attestation_03\\server\\src\\app.js","statementMap":{"0":{"start":{"line":6,"column":12},"end":{"line":6,"column":21}},"1":{"start":{"line":8,"column":0},"end":{"line":8,"column":24}},"2":{"start":{"line":9,"column":0},"end":{"line":9,"column":39}},"3":{"start":{"line":10,"column":0},"end":{"line":17,"column":3}},"4":{"start":{"line":11,"column":4},"end":{"line":11,"column":32}},"5":{"start":{"line":12,"column":4},"end":{"line":15,"column":95}},"6":{"start":{"line":16,"column":4},"end":{"line":16,"column":11}},"7":{"start":{"line":18,"column":0},"end":{"line":18,"column":24}}},"fnMap":{"0":{"name":"(anonymous_0)","decl":{"start":{"line":10,"column":8},"end":{"line":10,"column":9}},"loc":{"start":{"line":10,"column":28},"end":{"line":17,"column":1}},"line":10}},"branchMap":{},"s":{"0":3,"1":3,"2":3,"3":3,"4":14,"5":14,"6":14,"7":3},"f":{"0":14},"b":{},"_coverageSchema":"1a1c01bbd47fc00a2c39e90264f33305004495a9","hash":"85866d6332c2e5dac158aa92049ee371f09f8f3f"}
,"D:\\GitHub\\gimadiev-adel-js-21-03\\attestation_03\\server\\src\\logger.js": {"path":"D:\\GitHub\\gimadiev-adel-js-21-03\\attestation_03\\server\\src\\logger.js","statementMap":{"0":{"start":{"line":4,"column":22},"end":{"line":8,"column":1}},"1":{"start":{"line":10,"column":12},"end":{"line":10,"column":57}},"2":{"start":{"line":12,"column":26},"end":{"line":17,"column":1}},"3":{"start":{"line":14,"column":23},"end":{"line":14,"column":66}},"4":{"start":{"line":15,"column":24},"end":{"line":15,"column":68}},"5":{"start":{"line":16,"column":24},"end":{"line":16,"column":68}}},"fnMap":{"0":{"name":"(anonymous_0)","decl":{"start":{"line":14,"column":10},"end":{"line":14,"column":11}},"loc":{"start":{"line":14,"column":23},"end":{"line":14,"column":66}},"line":14},"1":{"name":"(anonymous_1)","decl":{"start":{"line":15,"column":11},"end":{"line":15,"column":12}},"loc":{"start":{"line":15,"column":24},"end":{"line":15,"column":68}},"line":15},"2":{"name":"(anonymous_2)","decl":{"start":{"line":16,"column":11},"end":{"line":16,"column":12}},"loc":{"start":{"line":16,"column":24},"end":{"line":16,"column":68}},"line":16}},"branchMap":{},"s":{"0":3,"1":3,"2":3,"3":30,"4":6,"5":0},"f":{"0":30,"1":6,"2":0},"b":{},"_coverageSchema":"1a1c01bbd47fc00a2c39e90264f33305004495a9","hash":"49c7d2c4f6f793bf669822d91263db828ddb46d0"}
,"D:\\GitHub\\gimadiev-adel-js-21-03\\attestation_03\\server\\src\\api\\dummyapi.js": {"path":"D:\\GitHub\\gimadiev-adel-js-21-03\\attestation_03\\server\\src\\api\\dummyapi.js","statementMap":{"0":{"start":{"line":4,"column":28},"end":{"line":9,"column":1}},"1":{"start":{"line":5,"column":4},"end":{"line":8,"column":7}},"2":{"start":{"line":11,"column":27},"end":{"line":16,"column":1}},"3":{"start":{"line":12,"column":4},"end":{"line":15,"column":7}},"4":{"start":{"line":18,"column":26},"end":{"line":28,"column":1}},"5":{"start":{"line":19,"column":4},"end":{"line":27,"column":6}},"6":{"start":{"line":30,"column":26},"end":{"line":40,"column":1}},"7":{"start":{"line":31,"column":4},"end":{"line":39,"column":6}},"8":{"start":{"line":42,"column":28},"end":{"line":50,"column":1}},"9":{"start":{"line":43,"column":4},"end":{"line":49,"column":7}},"10":{"start":{"line":52,"column":27},"end":{"line":57,"column":1}},"11":{"start":{"line":53,"column":4},"end":{"line":56,"column":7}},"12":{"start":{"line":59,"column":30},"end":{"line":64,"column":1}},"13":{"start":{"line":60,"column":4},"end":{"line":63,"column":7}},"14":{"start":{"line":66,"column":24},"end":{"line":74,"column":1}},"15":{"start":{"line":67,"column":4},"end":{"line":73,"column":7}}},"fnMap":{"0":{"name":"(anonymous_0)","decl":{"start":{"line":4,"column":28},"end":{"line":4,"column":29}},"loc":{"start":{"line":4,"column":45},"end":{"line":9,"column":1}},"line":4},"1":{"name":"(anonymous_1)","decl":{"start":{"line":11,"column":27},"end":{"line":11,"column":28}},"loc":{"start":{"line":11,"column":35},"end":{"line":16,"column":1}},"line":11},"2":{"name":"(anonymous_2)","decl":{"start":{"line":18,"column":26},"end":{"line":18,"column":27}},"loc":{"start":{"line":18,"column":36},"end":{"line":28,"column":1}},"line":18},"3":{"name":"(anonymous_3)","decl":{"start":{"line":30,"column":26},"end":{"line":30,"column":27}},"loc":{"start":{"line":30,"column":47},"end":{"line":40,"column":1}},"line":30},"4":{"name":"(anonymous_4)","decl":{"start":{"line":42,"column":28},"end":{"line":42,"column":29}},"loc":{"start":{"line":42,"column":53},"end":{"line":50,"column":1}},"line":42},"5":{"name":"(anonymous_5)","decl":{"start":{"line":52,"column":27},"end":{"line":52,"column":28}},"loc":{"start":{"line":52,"column":35},"end":{"line":57,"column":1}},"line":52},"6":{"name":"(anonymous_6)","decl":{"start":{"line":59,"column":30},"end":{"line":59,"column":31}},"loc":{"start":{"line":59,"column":51},"end":{"line":64,"column":1}},"line":59},"7":{"name":"(anonymous_7)","decl":{"start":{"line":66,"column":24},"end":{"line":66,"column":25}},"loc":{"start":{"line":66,"column":41},"end":{"line":74,"column":1}},"line":66}},"branchMap":{},"s":{"0":3,"1":1,"2":3,"3":2,"4":3,"5":2,"6":3,"7":2,"8":3,"9":2,"10":3,"11":2,"12":3,"13":2,"14":3,"15":1},"f":{"0":1,"1":2,"2":2,"3":2,"4":2,"5":2,"6":2,"7":1},"b":{},"_coverageSchema":"1a1c01bbd47fc00a2c39e90264f33305004495a9","hash":"32518f0020a45be70223c68e1df0960e4214bac3"}
,"D:\\GitHub\\gimadiev-adel-js-21-03\\attestation_03\\server\\src\\constants\\api\\dummyapi.js": {"path":"D:\\GitHub\\gimadiev-adel-js-21-03\\attestation_03\\server\\src\\constants\\api\\dummyapi.js","statementMap":{"0":{"start":{"line":1,"column":24},"end":{"line":1,"column":54}},"1":{"start":{"line":2,"column":22},"end":{"line":2,"column":48}}},"fnMap":{},"branchMap":{},"s":{"0":3,"1":3},"f":{},"b":{},"_coverageSchema":"1a1c01bbd47fc00a2c39e90264f33305004495a9","hash":"0c8817a4117e64bc61f272ed837f71dcaa65171c"}
,"D:\\GitHub\\gimadiev-adel-js-21-03\\attestation_03\\server\\src\\controllers\\commentController.js": {"path":"D:\\GitHub\\gimadiev-adel-js-21-03\\attestation_03\\server\\src\\controllers\\commentController.js","statementMap":{"0":{"start":{"line":7,"column":19},"end":{"line":7,"column":62}},"1":{"start":{"line":8,"column":20},"end":{"line":8,"column":66}},"2":{"start":{"line":9,"column":8},"end":{"line":11,"column":11}},"3":{"start":{"line":13,"column":8},"end":{"line":13,"column":31}},"4":{"start":{"line":13,"column":22},"end":{"line":13,"column":31}},"5":{"start":{"line":14,"column":8},"end":{"line":14,"column":48}},"6":{"start":{"line":14,"column":37},"end":{"line":14,"column":48}},"7":{"start":{"line":16,"column":8},"end":{"line":28,"column":9}},"8":{"start":{"line":17,"column":33},"end":{"line":20,"column":14}},"9":{"start":{"line":21,"column":12},"end":{"line":21,"column":132}},"10":{"start":{"line":22,"column":12},"end":{"line":22,"column":47}},"11":{"start":{"line":24,"column":26},"end":{"line":24,"column":49}},"12":{"start":{"line":25,"column":27},"end":{"line":25,"column":30}},"13":{"start":{"line":26,"column":12},"end":{"line":26,"column":145}},"14":{"start":{"line":27,"column":12},"end":{"line":27,"column":69}}},"fnMap":{"0":{"name":"(anonymous_0)","decl":{"start":{"line":6,"column":4},"end":{"line":6,"column":5}},"loc":{"start":{"line":6,"column":38},"end":{"line":29,"column":5}},"line":6}},"branchMap":{"0":{"loc":{"start":{"line":7,"column":19},"end":{"line":7,"column":62}},"type":"cond-expr","locations":[{"start":{"line":7,"column":36},"end":{"line":7,"column":58}},{"start":{"line":7,"column":61},"end":{"line":7,"column":62}}],"line":7},"1":{"loc":{"start":{"line":8,"column":20},"end":{"line":8,"column":66}},"type":"cond-expr","locations":[{"start":{"line":8,"column":38},"end":{"line":8,"column":61}},{"start":{"line":8,"column":64},"end":{"line":8,"column":66}}],"line":8},"2":{"loc":{"start":{"line":13,"column":8},"end":{"line":13,"column":31}},"type":"if","locations":[{"start":{"line":13,"column":8},"end":{"line":13,"column":31}},{"start":{},"end":{}}],"line":13},"3":{"loc":{"start":{"line":14,"column":8},"end":{"line":14,"column":48}},"type":"if","locations":[{"start":{"line":14,"column":8},"end":{"line":14,"column":48}},{"start":{},"end":{}}],"line":14},"4":{"loc":{"start":{"line":14,"column":12},"end":{"line":14,"column":35}},"type":"binary-expr","locations":[{"start":{"line":14,"column":12},"end":{"line":14,"column":21}},{"start":{"line":14,"column":25},"end":{"line":14,"column":35}}],"line":14}},"s":{"0":2,"1":2,"2":2,"3":2,"4":0,"5":2,"6":0,"7":2,"8":2,"9":1,"10":1,"11":1,"12":1,"13":1,"14":1},"f":{"0":2},"b":{"0":[0,2],"1":[0,2],"2":[0,2],"3":[0,2],"4":[2,2]},"_coverageSchema":"1a1c01bbd47fc00a2c39e90264f33305004495a9","hash":"7029470f1f026386a4ffaf7ca1bb2049df6df560"}
,"D:\\GitHub\\gimadiev-adel-js-21-03\\attestation_03\\server\\src\\controllers\\postController.js": {"path":"D:\\GitHub\\gimadiev-adel-js-21-03\\attestation_03\\server\\src\\controllers\\postController.js","statementMap":{"0":{"start":{"line":7,"column":19},"end":{"line":7,"column":62}},"1":{"start":{"line":8,"column":20},"end":{"line":8,"column":66}},"2":{"start":{"line":9,"column":8},"end":{"line":9,"column":119}},"3":{"start":{"line":12,"column":8},"end":{"line":12,"column":31}},"4":{"start":{"line":12,"column":22},"end":{"line":12,"column":31}},"5":{"start":{"line":13,"column":8},"end":{"line":13,"column":48}},"6":{"start":{"line":13,"column":37},"end":{"line":13,"column":48}},"7":{"start":{"line":15,"column":8},"end":{"line":26,"column":9}},"8":{"start":{"line":16,"column":33},"end":{"line":18,"column":14}},"9":{"start":{"line":19,"column":12},"end":{"line":19,"column":119}},"10":{"start":{"line":20,"column":12},"end":{"line":20,"column":47}},"11":{"start":{"line":22,"column":26},"end":{"line":22,"column":49}},"12":{"start":{"line":23,"column":27},"end":{"line":23,"column":30}},"13":{"start":{"line":24,"column":12},"end":{"line":24,"column":132}},"14":{"start":{"line":25,"column":12},"end":{"line":25,"column":55}},"15":{"start":{"line":30,"column":8},"end":{"line":30,"column":119}},"16":{"start":{"line":32,"column":8},"end":{"line":43,"column":9}},"17":{"start":{"line":33,"column":33},"end":{"line":35,"column":14}},"18":{"start":{"line":36,"column":12},"end":{"line":36,"column":120}},"19":{"start":{"line":37,"column":12},"end":{"line":37,"column":47}},"20":{"start":{"line":39,"column":26},"end":{"line":39,"column":92}},"21":{"start":{"line":40,"column":27},"end":{"line":40,"column":60}},"22":{"start":{"line":41,"column":12},"end":{"line":41,"column":133}},"23":{"start":{"line":42,"column":12},"end":{"line":42,"column":62}},"24":{"start":{"line":47,"column":19},"end":{"line":47,"column":62}},"25":{"start":{"line":48,"column":20},"end":{"line":48,"column":66}},"26":{"start":{"line":49,"column":8},"end":{"line":51,"column":11}},"27":{"start":{"line":53,"column":8},"end":{"line":53,"column":31}},"28":{"start":{"line":53,"column":22},"end":{"line":53,"column":31}},"29":{"start":{"line":54,"column":8},"end":{"line":54,"column":48}},"30":{"start":{"line":54,"column":37},"end":{"line":54,"column":48}},"31":{"start":{"line":56,"column":8},"end":{"line":67,"column":9}},"32":{"start":{"line":57,"column":33},"end":{"line":59,"column":14}},"33":{"start":{"line":60,"column":12},"end":{"line":60,"column":127}},"34":{"start":{"line":61,"column":12},"end":{"line":61,"column":47}},"35":{"start":{"line":63,"column":26},"end":{"line":63,"column":92}},"36":{"start":{"line":64,"column":27},"end":{"line":64,"column":60}},"37":{"start":{"line":65,"column":12},"end":{"line":65,"column":140}},"38":{"start":{"line":66,"column":12},"end":{"line":66,"column":62}}},"fnMap":{"0":{"name":"(anonymous_0)","decl":{"start":{"line":6,"column":4},"end":{"line":6,"column":5}},"loc":{"start":{"line":6,"column":29},"end":{"line":27,"column":5}},"line":6},"1":{"name":"(anonymous_1)","decl":{"start":{"line":29,"column":4},"end":{"line":29,"column":5}},"loc":{"start":{"line":29,"column":32},"end":{"line":44,"column":5}},"line":29},"2":{"name":"(anonymous_2)","decl":{"start":{"line":46,"column":4},"end":{"line":46,"column":5}},"loc":{"start":{"line":46,"column":35},"end":{"line":68,"column":5}},"line":46}},"branchMap":{"0":{"loc":{"start":{"line":7,"column":19},"end":{"line":7,"column":62}},"type":"cond-expr","locations":[{"start":{"line":7,"column":36},"end":{"line":7,"column":58}},{"start":{"line":7,"column":61},"end":{"line":7,"column":62}}],"line":7},"1":{"loc":{"start":{"line":8,"column":20},"end":{"line":8,"column":66}},"type":"cond-expr","locations":[{"start":{"line":8,"column":38},"end":{"line":8,"column":61}},{"start":{"line":8,"column":64},"end":{"line":8,"column":66}}],"line":8},"2":{"loc":{"start":{"line":12,"column":8},"end":{"line":12,"column":31}},"type":"if","locations":[{"start":{"line":12,"column":8},"end":{"line":12,"column":31}},{"start":{},"end":{}}],"line":12},"3":{"loc":{"start":{"line":13,"column":8},"end":{"line":13,"column":48}},"type":"if","locations":[{"start":{"line":13,"column":8},"end":{"line":13,"column":48}},{"start":{},"end":{}}],"line":13},"4":{"loc":{"start":{"line":13,"column":12},"end":{"line":13,"column":35}},"type":"binary-expr","locations":[{"start":{"line":13,"column":12},"end":{"line":13,"column":21}},{"start":{"line":13,"column":25},"end":{"line":13,"column":35}}],"line":13},"5":{"loc":{"start":{"line":39,"column":26},"end":{"line":39,"column":92}},"type":"cond-expr","locations":[{"start":{"line":39,"column":50},"end":{"line":39,"column":66}},{"start":{"line":39,"column":69},"end":{"line":39,"column":92}}],"line":39},"6":{"loc":{"start":{"line":40,"column":27},"end":{"line":40,"column":60}},"type":"cond-expr","locations":[{"start":{"line":40,"column":51},"end":{"line":40,"column":54}},{"start":{"line":40,"column":57},"end":{"line":40,"column":60}}],"line":40},"7":{"loc":{"start":{"line":47,"column":19},"end":{"line":47,"column":62}},"type":"cond-expr","locations":[{"start":{"line":47,"column":36},"end":{"line":47,"column":58}},{"start":{"line":47,"column":61},"end":{"line":47,"column":62}}],"line":47},"8":{"loc":{"start":{"line":48,"column":20},"end":{"line":48,"column":66}},"type":"cond-expr","locations":[{"start":{"line":48,"column":38},"end":{"line":48,"column":61}},{"start":{"line":48,"column":64},"end":{"line":48,"column":66}}],"line":48},"9":{"loc":{"start":{"line":53,"column":8},"end":{"line":53,"column":31}},"type":"if","locations":[{"start":{"line":53,"column":8},"end":{"line":53,"column":31}},{"start":{},"end":{}}],"line":53},"10":{"loc":{"start":{"line":54,"column":8},"end":{"line":54,"column":48}},"type":"if","locations":[{"start":{"line":54,"column":8},"end":{"line":54,"column":48}},{"start":{},"end":{}}],"line":54},"11":{"loc":{"start":{"line":54,"column":12},"end":{"line":54,"column":35}},"type":"binary-expr","locations":[{"start":{"line":54,"column":12},"end":{"line":54,"column":21}},{"start":{"line":54,"column":25},"end":{"line":54,"column":35}}],"line":54},"12":{"loc":{"start":{"line":63,"column":26},"end":{"line":63,"column":92}},"type":"cond-expr","locations":[{"start":{"line":63,"column":50},"end":{"line":63,"column":66}},{"start":{"line":63,"column":69},"end":{"line":63,"column":92}}],"line":63},"13":{"loc":{"start":{"line":64,"column":27},"end":{"line":64,"column":60}},"type":"cond-expr","locations":[{"start":{"line":64,"column":51},"end":{"line":64,"column":54}},{"start":{"line":64,"column":57},"end":{"line":64,"column":60}}],"line":64}},"s":{"0":1,"1":1,"2":1,"3":1,"4":0,"5":1,"6":0,"7":1,"8":1,"9":1,"10":1,"11":0,"12":0,"13":0,"14":0,"15":2,"16":2,"17":2,"18":1,"19":1,"20":1,"21":1,"22":1,"23":1,"24":2,"25":2,"26":2,"27":2,"28":0,"29":2,"30":0,"31":2,"32":2,"33":1,"34":1,"35":1,"36":1,"37":1,"38":1},"f":{"0":1,"1":2,"2":2},"b":{"0":[1,0],"1":[1,0],"2":[0,1],"3":[0,1],"4":[1,1],"5":[0,1],"6":[0,1],"7":[0,2],"8":[0,2],"9":[0,2],"10":[0,2],"11":[2,2],"12":[0,1],"13":[0,1]},"_coverageSchema":"1a1c01bbd47fc00a2c39e90264f33305004495a9","hash":"3595714e2d4c320e79957100a26a23ea3759fd1b"}
,"D:\\GitHub\\gimadiev-adel-js-21-03\\attestation_03\\server\\src\\controllers\\userController.js": {"path":"D:\\GitHub\\gimadiev-adel-js-21-03\\attestation_03\\server\\src\\controllers\\userController.js","statementMap":{"0":{"start":{"line":7,"column":19},"end":{"line":7,"column":62}},"1":{"start":{"line":8,"column":20},"end":{"line":8,"column":66}},"2":{"start":{"line":9,"column":8},"end":{"line":9,"column":120}},"3":{"start":{"line":11,"column":8},"end":{"line":11,"column":31}},"4":{"start":{"line":11,"column":22},"end":{"line":11,"column":31}},"5":{"start":{"line":12,"column":8},"end":{"line":12,"column":48}},"6":{"start":{"line":12,"column":37},"end":{"line":12,"column":48}},"7":{"start":{"line":14,"column":8},"end":{"line":24,"column":9}},"8":{"start":{"line":15,"column":33},"end":{"line":17,"column":14}},"9":{"start":{"line":18,"column":12},"end":{"line":18,"column":121}},"10":{"start":{"line":19,"column":12},"end":{"line":19,"column":47}},"11":{"start":{"line":21,"column":26},"end":{"line":21,"column":49}},"12":{"start":{"line":22,"column":12},"end":{"line":22,"column":131}},"13":{"start":{"line":23,"column":12},"end":{"line":23,"column":71}},"14":{"start":{"line":27,"column":8},"end":{"line":27,"column":119}},"15":{"start":{"line":29,"column":8},"end":{"line":40,"column":9}},"16":{"start":{"line":30,"column":33},"end":{"line":32,"column":14}},"17":{"start":{"line":33,"column":12},"end":{"line":33,"column":120}},"18":{"start":{"line":34,"column":12},"end":{"line":34,"column":47}},"19":{"start":{"line":36,"column":26},"end":{"line":36,"column":92}},"20":{"start":{"line":37,"column":27},"end":{"line":37,"column":60}},"21":{"start":{"line":38,"column":12},"end":{"line":38,"column":133}},"22":{"start":{"line":39,"column":12},"end":{"line":39,"column":62}},"23":{"start":{"line":43,"column":8},"end":{"line":43,"column":122}},"24":{"start":{"line":44,"column":8},"end":{"line":56,"column":9}},"25":{"start":{"line":45,"column":28},"end":{"line":45,"column":66}},"26":{"start":{"line":46,"column":33},"end":{"line":48,"column":14}},"27":{"start":{"line":49,"column":12},"end":{"line":49,"column":123}},"28":{"start":{"line":50,"column":12},"end":{"line":50,"column":47}},"29":{"start":{"line":52,"column":26},"end":{"line":52,"column":92}},"30":{"start":{"line":53,"column":27},"end":{"line":53,"column":60}},"31":{"start":{"line":54,"column":12},"end":{"line":54,"column":136}},"32":{"start":{"line":55,"column":12},"end":{"line":55,"column":62}},"33":{"start":{"line":59,"column":8},"end":{"line":59,"column":122}},"34":{"start":{"line":60,"column":8},"end":{"line":71,"column":9}},"35":{"start":{"line":61,"column":33},"end":{"line":63,"column":14}},"36":{"start":{"line":64,"column":12},"end":{"line":64,"column":123}},"37":{"start":{"line":65,"column":12},"end":{"line":65,"column":47}},"38":{"start":{"line":67,"column":26},"end":{"line":67,"column":92}},"39":{"start":{"line":68,"column":27},"end":{"line":68,"column":60}},"40":{"start":{"line":69,"column":12},"end":{"line":69,"column":136}},"41":{"start":{"line":70,"column":12},"end":{"line":70,"column":55}}},"fnMap":{"0":{"name":"(anonymous_0)","decl":{"start":{"line":6,"column":4},"end":{"line":6,"column":5}},"loc":{"start":{"line":6,"column":29},"end":{"line":25,"column":5}},"line":6},"1":{"name":"(anonymous_1)","decl":{"start":{"line":26,"column":4},"end":{"line":26,"column":5}},"loc":{"start":{"line":26,"column":28},"end":{"line":41,"column":5}},"line":26},"2":{"name":"(anonymous_2)","decl":{"start":{"line":42,"column":4},"end":{"line":42,"column":5}},"loc":{"start":{"line":42,"column":31},"end":{"line":57,"column":5}},"line":42},"3":{"name":"(anonymous_3)","decl":{"start":{"line":58,"column":4},"end":{"line":58,"column":5}},"loc":{"start":{"line":58,"column":31},"end":{"line":72,"column":5}},"line":58}},"branchMap":{"0":{"loc":{"start":{"line":7,"column":19},"end":{"line":7,"column":62}},"type":"cond-expr","locations":[{"start":{"line":7,"column":36},"end":{"line":7,"column":58}},{"start":{"line":7,"column":61},"end":{"line":7,"column":62}}],"line":7},"1":{"loc":{"start":{"line":8,"column":20},"end":{"line":8,"column":66}},"type":"cond-expr","locations":[{"start":{"line":8,"column":38},"end":{"line":8,"column":61}},{"start":{"line":8,"column":64},"end":{"line":8,"column":66}}],"line":8},"2":{"loc":{"start":{"line":11,"column":8},"end":{"line":11,"column":31}},"type":"if","locations":[{"start":{"line":11,"column":8},"end":{"line":11,"column":31}},{"start":{},"end":{}}],"line":11},"3":{"loc":{"start":{"line":12,"column":8},"end":{"line":12,"column":48}},"type":"if","locations":[{"start":{"line":12,"column":8},"end":{"line":12,"column":48}},{"start":{},"end":{}}],"line":12},"4":{"loc":{"start":{"line":12,"column":12},"end":{"line":12,"column":35}},"type":"binary-expr","locations":[{"start":{"line":12,"column":12},"end":{"line":12,"column":21}},{"start":{"line":12,"column":25},"end":{"line":12,"column":35}}],"line":12},"5":{"loc":{"start":{"line":36,"column":26},"end":{"line":36,"column":92}},"type":"cond-expr","locations":[{"start":{"line":36,"column":50},"end":{"line":36,"column":66}},{"start":{"line":36,"column":69},"end":{"line":36,"column":92}}],"line":36},"6":{"loc":{"start":{"line":37,"column":27},"end":{"line":37,"column":60}},"type":"cond-expr","locations":[{"start":{"line":37,"column":51},"end":{"line":37,"column":54}},{"start":{"line":37,"column":57},"end":{"line":37,"column":60}}],"line":37},"7":{"loc":{"start":{"line":52,"column":26},"end":{"line":52,"column":92}},"type":"cond-expr","locations":[{"start":{"line":52,"column":50},"end":{"line":52,"column":66}},{"start":{"line":52,"column":69},"end":{"line":52,"column":92}}],"line":52},"8":{"loc":{"start":{"line":53,"column":27},"end":{"line":53,"column":60}},"type":"cond-expr","locations":[{"start":{"line":53,"column":51},"end":{"line":53,"column":54}},{"start":{"line":53,"column":57},"end":{"line":53,"column":60}}],"line":53},"9":{"loc":{"start":{"line":67,"column":26},"end":{"line":67,"column":92}},"type":"cond-expr","locations":[{"start":{"line":67,"column":50},"end":{"line":67,"column":66}},{"start":{"line":67,"column":69},"end":{"line":67,"column":92}}],"line":67},"10":{"loc":{"start":{"line":68,"column":27},"end":{"line":68,"column":60}},"type":"cond-expr","locations":[{"start":{"line":68,"column":51},"end":{"line":68,"column":54}},{"start":{"line":68,"column":57},"end":{"line":68,"column":60}}],"line":68}},"s":{"0":1,"1":1,"2":1,"3":1,"4":0,"5":1,"6":0,"7":1,"8":1,"9":1,"10":1,"11":0,"12":0,"13":0,"14":2,"15":2,"16":2,"17":1,"18":1,"19":1,"20":1,"21":1,"22":1,"23":2,"24":2,"25":2,"26":1,"27":1,"28":1,"29":1,"30":1,"31":1,"32":1,"33":2,"34":2,"35":2,"36":1,"37":1,"38":1,"39":1,"40":1,"41":1},"f":{"0":1,"1":2,"2":2,"3":2},"b":{"0":[1,0],"1":[1,0],"2":[0,1],"3":[0,1],"4":[1,1],"5":[0,1],"6":[0,1],"7":[0,1],"8":[0,1],"9":[0,1],"10":[0,1]},"_coverageSchema":"1a1c01bbd47fc00a2c39e90264f33305004495a9","hash":"71a0c39a980cb309e435bb998c9e9f25c41f040a"}
,"D:\\GitHub\\gimadiev-adel-js-21-03\\attestation_03\\server\\src\\mappers\\commentMapper.js": {"path":"D:\\GitHub\\gimadiev-adel-js-21-03\\attestation_03\\server\\src\\mappers\\commentMapper.js","statementMap":{"0":{"start":{"line":3,"column":8},"end":{"line":3,"column":63}},"1":{"start":{"line":6,"column":21},"end":{"line":12,"column":11}},"2":{"start":{"line":6,"column":53},"end":{"line":12,"column":9}},"3":{"start":{"line":13,"column":39},"end":{"line":13,"column":50}},"4":{"start":{"line":14,"column":8},"end":{"line":14,"column":44}}},"fnMap":{"0":{"name":"(anonymous_0)","decl":{"start":{"line":2,"column":4},"end":{"line":2,"column":5}},"loc":{"start":{"line":2,"column":18},"end":{"line":4,"column":5}},"line":2},"1":{"name":"(anonymous_1)","decl":{"start":{"line":5,"column":4},"end":{"line":5,"column":5}},"loc":{"start":{"line":5,"column":33},"end":{"line":15,"column":5}},"line":5},"2":{"name":"(anonymous_2)","decl":{"start":{"line":6,"column":42},"end":{"line":6,"column":43}},"loc":{"start":{"line":6,"column":53},"end":{"line":12,"column":9}},"line":6}},"branchMap":{},"s":{"0":3,"1":1,"2":1,"3":1,"4":1},"f":{"0":3,"1":1,"2":1},"b":{},"_coverageSchema":"1a1c01bbd47fc00a2c39e90264f33305004495a9","hash":"5b5414725a5b932cdf3b373be786f6755bb880ea"}
,"D:\\GitHub\\gimadiev-adel-js-21-03\\attestation_03\\server\\src\\mappers\\postMapper.js": {"path":"D:\\GitHub\\gimadiev-adel-js-21-03\\attestation_03\\server\\src\\mappers\\postMapper.js","statementMap":{"0":{"start":{"line":3,"column":8},"end":{"line":3,"column":55}},"1":{"start":{"line":4,"column":8},"end":{"line":4,"column":63}},"2":{"start":{"line":5,"column":8},"end":{"line":5,"column":67}},"3":{"start":{"line":6,"column":8},"end":{"line":6,"column":57}},"4":{"start":{"line":9,"column":8},"end":{"line":15,"column":10}},"5":{"start":{"line":19,"column":8},"end":{"line":24,"column":10}},"6":{"start":{"line":28,"column":21},"end":{"line":28,"column":76}},"7":{"start":{"line":28,"column":49},"end":{"line":28,"column":75}},"8":{"start":{"line":29,"column":39},"end":{"line":29,"column":47}},"9":{"start":{"line":30,"column":8},"end":{"line":30,"column":44}},"10":{"start":{"line":34,"column":21},"end":{"line":34,"column":72}},"11":{"start":{"line":34,"column":49},"end":{"line":34,"column":71}},"12":{"start":{"line":35,"column":39},"end":{"line":35,"column":47}},"13":{"start":{"line":36,"column":8},"end":{"line":36,"column":44}}},"fnMap":{"0":{"name":"(anonymous_0)","decl":{"start":{"line":2,"column":4},"end":{"line":2,"column":5}},"loc":{"start":{"line":2,"column":18},"end":{"line":7,"column":5}},"line":2},"1":{"name":"(anonymous_1)","decl":{"start":{"line":8,"column":4},"end":{"line":8,"column":5}},"loc":{"start":{"line":8,"column":22},"end":{"line":16,"column":5}},"line":8},"2":{"name":"(anonymous_2)","decl":{"start":{"line":18,"column":4},"end":{"line":18,"column":5}},"loc":{"start":{"line":18,"column":26},"end":{"line":25,"column":5}},"line":18},"3":{"name":"(anonymous_3)","decl":{"start":{"line":27,"column":4},"end":{"line":27,"column":5}},"loc":{"start":{"line":27,"column":32},"end":{"line":31,"column":5}},"line":27},"4":{"name":"(anonymous_4)","decl":{"start":{"line":28,"column":39},"end":{"line":28,"column":40}},"loc":{"start":{"line":28,"column":49},"end":{"line":28,"column":75}},"line":28},"5":{"name":"(anonymous_5)","decl":{"start":{"line":33,"column":4},"end":{"line":33,"column":5}},"loc":{"start":{"line":33,"column":27},"end":{"line":37,"column":5}},"line":33},"6":{"name":"(anonymous_6)","decl":{"start":{"line":34,"column":39},"end":{"line":34,"column":40}},"loc":{"start":{"line":34,"column":49},"end":{"line":34,"column":71}},"line":34}},"branchMap":{},"s":{"0":3,"1":3,"2":3,"3":3,"4":6,"5":12,"6":1,"7":12,"8":1,"9":1,"10":1,"11":5,"12":1,"13":1},"f":{"0":3,"1":6,"2":12,"3":1,"4":12,"5":1,"6":5},"b":{},"_coverageSchema":"1a1c01bbd47fc00a2c39e90264f33305004495a9","hash":"6e4f7802aded1c31ec3889f80d0e303f0c21fb32"}
,"D:\\GitHub\\gimadiev-adel-js-21-03\\attestation_03\\server\\src\\mappers\\userMapper.js": {"path":"D:\\GitHub\\gimadiev-adel-js-21-03\\attestation_03\\server\\src\\mappers\\userMapper.js","statementMap":{"0":{"start":{"line":3,"column":8},"end":{"line":3,"column":65}},"1":{"start":{"line":4,"column":8},"end":{"line":4,"column":69}},"2":{"start":{"line":5,"column":8},"end":{"line":5,"column":55}},"3":{"start":{"line":9,"column":21},"end":{"line":9,"column":79}},"4":{"start":{"line":9,"column":49},"end":{"line":9,"column":78}},"5":{"start":{"line":10,"column":39},"end":{"line":10,"column":47}},"6":{"start":{"line":11,"column":8},"end":{"line":11,"column":44}},"7":{"start":{"line":14,"column":8},"end":{"line":20,"column":10}},"8":{"start":{"line":23,"column":8},"end":{"line":34,"column":10}}},"fnMap":{"0":{"name":"(anonymous_0)","decl":{"start":{"line":2,"column":4},"end":{"line":2,"column":5}},"loc":{"start":{"line":2,"column":18},"end":{"line":6,"column":5}},"line":2},"1":{"name":"(anonymous_1)","decl":{"start":{"line":8,"column":4},"end":{"line":8,"column":5}},"loc":{"start":{"line":8,"column":31},"end":{"line":12,"column":5}},"line":8},"2":{"name":"(anonymous_2)","decl":{"start":{"line":9,"column":39},"end":{"line":9,"column":40}},"loc":{"start":{"line":9,"column":49},"end":{"line":9,"column":78}},"line":9},"3":{"name":"(anonymous_3)","decl":{"start":{"line":13,"column":4},"end":{"line":13,"column":5}},"loc":{"start":{"line":13,"column":29},"end":{"line":21,"column":5}},"line":13},"4":{"name":"(anonymous_4)","decl":{"start":{"line":22,"column":4},"end":{"line":22,"column":5}},"loc":{"start":{"line":22,"column":22},"end":{"line":35,"column":5}},"line":22}},"branchMap":{},"s":{"0":3,"1":3,"2":3,"3":1,"4":5,"5":1,"6":1,"7":5,"8":2},"f":{"0":3,"1":1,"2":5,"3":5,"4":2},"b":{},"_coverageSchema":"1a1c01bbd47fc00a2c39e90264f33305004495a9","hash":"f81bf2f8ab4cdca8e32206c069b6d9772c7fd8e6"}
,"D:\\GitHub\\gimadiev-adel-js-21-03\\attestation_03\\server\\src\\routes\\index.js": {"path":"D:\\GitHub\\gimadiev-adel-js-21-03\\attestation_03\\server\\src\\routes\\index.js","statementMap":{"0":{"start":{"line":5,"column":22},"end":{"line":5,"column":34}},"1":{"start":{"line":7,"column":0},"end":{"line":7,"column":32}},"2":{"start":{"line":8,"column":0},"end":{"line":8,"column":32}}},"fnMap":{},"branchMap":{},"s":{"0":3,"1":3,"2":3},"f":{},"b":{},"_coverageSchema":"1a1c01bbd47fc00a2c39e90264f33305004495a9","hash":"88039d2e77460274519eb57f7bd962ef01d6904a"}
,"D:\\GitHub\\gimadiev-adel-js-21-03\\attestation_03\\server\\src\\routes\\postRouter.js": {"path":"D:\\GitHub\\gimadiev-adel-js-21-03\\attestation_03\\server\\src\\routes\\postRouter.js","statementMap":{"0":{"start":{"line":5,"column":19},"end":{"line":5,"column":31}},"1":{"start":{"line":7,"column":0},"end":{"line":7,"column":44}},"2":{"start":{"line":8,"column":0},"end":{"line":8,"column":51}},"3":{"start":{"line":9,"column":0},"end":{"line":9,"column":68}}},"fnMap":{},"branchMap":{},"s":{"0":3,"1":3,"2":3,"3":3},"f":{},"b":{},"_coverageSchema":"1a1c01bbd47fc00a2c39e90264f33305004495a9","hash":"b58ee10b501498b675776c395e8b3a99d01e895f"}
,"D:\\GitHub\\gimadiev-adel-js-21-03\\attestation_03\\server\\src\\routes\\userRouter.js": {"path":"D:\\GitHub\\gimadiev-adel-js-21-03\\attestation_03\\server\\src\\routes\\userRouter.js","statementMap":{"0":{"start":{"line":5,"column":19},"end":{"line":5,"column":31}},"1":{"start":{"line":7,"column":0},"end":{"line":7,"column":44}},"2":{"start":{"line":8,"column":0},"end":{"line":8,"column":47}},"3":{"start":{"line":9,"column":0},"end":{"line":9,"column":54}},"4":{"start":{"line":10,"column":0},"end":{"line":10,"column":50}},"5":{"start":{"line":11,"column":0},"end":{"line":11,"column":59}}},"fnMap":{},"branchMap":{},"s":{"0":3,"1":3,"2":3,"3":3,"4":3,"5":3},"f":{},"b":{},"_coverageSchema":"1a1c01bbd47fc00a2c39e90264f33305004495a9","hash":"1d9df00bd37ef0d305ae04b59b0f6c4ff193d9bd"}
,"D:\\GitHub\\gimadiev-adel-js-21-03\\attestation_03\\server\\src\\services\\commentService.js": {"path":"D:\\GitHub\\gimadiev-adel-js-21-03\\attestation_03\\server\\src\\services\\commentService.js","statementMap":{"0":{"start":{"line":8,"column":25},"end":{"line":8,"column":62}},"1":{"start":{"line":9,"column":8},"end":{"line":18,"column":9}},"2":{"start":{"line":11,"column":16},"end":{"line":11,"column":138}},"3":{"start":{"line":12,"column":16},"end":{"line":12,"column":74}},"4":{"start":{"line":15,"column":16},"end":{"line":15,"column":169}},"5":{"start":{"line":16,"column":16},"end":{"line":16,"column":49}}},"fnMap":{"0":{"name":"(anonymous_0)","decl":{"start":{"line":7,"column":4},"end":{"line":7,"column":5}},"loc":{"start":{"line":7,"column":45},"end":{"line":19,"column":5}},"line":7}},"branchMap":{"0":{"loc":{"start":{"line":9,"column":8},"end":{"line":18,"column":9}},"type":"switch","locations":[{"start":{"line":10,"column":12},"end":{"line":13,"column":13}},{"start":{"line":14,"column":12},"end":{"line":17,"column":13}}],"line":9}},"s":{"0":2,"1":1,"2":1,"3":1,"4":0,"5":0},"f":{"0":2},"b":{"0":[1,0]},"_coverageSchema":"1a1c01bbd47fc00a2c39e90264f33305004495a9","hash":"8017fe442cc7ff5e6f5072e3704742d64c5804d4"}
,"D:\\GitHub\\gimadiev-adel-js-21-03\\attestation_03\\server\\src\\services\\postService.js": {"path":"D:\\GitHub\\gimadiev-adel-js-21-03\\attestation_03\\server\\src\\services\\postService.js","statementMap":{"0":{"start":{"line":8,"column":8},"end":{"line":8,"column":49}},"1":{"start":{"line":9,"column":8},"end":{"line":9,"column":47}},"2":{"start":{"line":10,"column":8},"end":{"line":10,"column":61}},"3":{"start":{"line":14,"column":25},"end":{"line":14,"column":52}},"4":{"start":{"line":15,"column":8},"end":{"line":22,"column":9}},"5":{"start":{"line":17,"column":16},"end":{"line":17,"column":115}},"6":{"start":{"line":18,"column":16},"end":{"line":18,"column":68}},"7":{"start":{"line":20,"column":16},"end":{"line":20,"column":158}},"8":{"start":{"line":21,"column":16},"end":{"line":21,"column":49}},"9":{"start":{"line":25,"column":25},"end":{"line":25,"column":46}},"10":{"start":{"line":26,"column":8},"end":{"line":33,"column":9}},"11":{"start":{"line":28,"column":16},"end":{"line":28,"column":114}},"12":{"start":{"line":29,"column":16},"end":{"line":29,"column":67}},"13":{"start":{"line":31,"column":16},"end":{"line":31,"column":157}},"14":{"start":{"line":32,"column":16},"end":{"line":32,"column":37}},"15":{"start":{"line":36,"column":25},"end":{"line":36,"column":60}},"16":{"start":{"line":37,"column":8},"end":{"line":45,"column":9}},"17":{"start":{"line":39,"column":16},"end":{"line":39,"column":121}},"18":{"start":{"line":40,"column":16},"end":{"line":40,"column":73}},"19":{"start":{"line":42,"column":16},"end":{"line":42,"column":164}},"20":{"start":{"line":43,"column":16},"end":{"line":43,"column":37}}},"fnMap":{"0":{"name":"(anonymous_0)","decl":{"start":{"line":7,"column":4},"end":{"line":7,"column":5}},"loc":{"start":{"line":7,"column":18},"end":{"line":11,"column":5}},"line":7},"1":{"name":"(anonymous_1)","decl":{"start":{"line":13,"column":4},"end":{"line":13,"column":5}},"loc":{"start":{"line":13,"column":32},"end":{"line":23,"column":5}},"line":13},"2":{"name":"(anonymous_2)","decl":{"start":{"line":24,"column":4},"end":{"line":24,"column":5}},"loc":{"start":{"line":24,"column":22},"end":{"line":34,"column":5}},"line":24},"3":{"name":"(anonymous_3)","decl":{"start":{"line":35,"column":4},"end":{"line":35,"column":5}},"loc":{"start":{"line":35,"column":42},"end":{"line":46,"column":5}},"line":35}},"branchMap":{"0":{"loc":{"start":{"line":15,"column":8},"end":{"line":22,"column":9}},"type":"switch","locations":[{"start":{"line":16,"column":12},"end":{"line":18,"column":68}},{"start":{"line":19,"column":12},"end":{"line":21,"column":49}}],"line":15},"1":{"loc":{"start":{"line":26,"column":8},"end":{"line":33,"column":9}},"type":"switch","locations":[{"start":{"line":27,"column":12},"end":{"line":29,"column":67}},{"start":{"line":30,"column":12},"end":{"line":32,"column":37}}],"line":26},"2":{"loc":{"start":{"line":37,"column":8},"end":{"line":45,"column":9}},"type":"switch","locations":[{"start":{"line":38,"column":12},"end":{"line":40,"column":73}},{"start":{"line":41,"column":12},"end":{"line":43,"column":37}}],"line":37}},"s":{"0":3,"1":3,"2":3,"3":1,"4":1,"5":1,"6":1,"7":0,"8":0,"9":2,"10":1,"11":1,"12":1,"13":0,"14":0,"15":2,"16":1,"17":1,"18":1,"19":0,"20":0},"f":{"0":3,"1":1,"2":2,"3":2},"b":{"0":[1,0],"1":[1,0],"2":[1,0]},"_coverageSchema":"1a1c01bbd47fc00a2c39e90264f33305004495a9","hash":"e8501241a9a36c32aff3327787f9d84b2bde6501"}
,"D:\\GitHub\\gimadiev-adel-js-21-03\\attestation_03\\server\\src\\services\\userService.js": {"path":"D:\\GitHub\\gimadiev-adel-js-21-03\\attestation_03\\server\\src\\services\\userService.js","statementMap":{"0":{"start":{"line":8,"column":8},"end":{"line":8,"column":49}},"1":{"start":{"line":9,"column":8},"end":{"line":9,"column":47}},"2":{"start":{"line":10,"column":8},"end":{"line":10,"column":53}},"3":{"start":{"line":11,"column":8},"end":{"line":11,"column":53}},"4":{"start":{"line":14,"column":25},"end":{"line":14,"column":56}},"5":{"start":{"line":15,"column":8},"end":{"line":23,"column":9}},"6":{"start":{"line":17,"column":16},"end":{"line":17,"column":127}},"7":{"start":{"line":18,"column":16},"end":{"line":18,"column":66}},"8":{"start":{"line":20,"column":16},"end":{"line":20,"column":102}},"9":{"start":{"line":21,"column":16},"end":{"line":21,"column":88}},"10":{"start":{"line":22,"column":16},"end":{"line":22,"column":87}},"11":{"start":{"line":26,"column":25},"end":{"line":26,"column":46}},"12":{"start":{"line":27,"column":8},"end":{"line":34,"column":9}},"13":{"start":{"line":29,"column":16},"end":{"line":29,"column":114}},"14":{"start":{"line":30,"column":16},"end":{"line":30,"column":67}},"15":{"start":{"line":32,"column":16},"end":{"line":32,"column":157}},"16":{"start":{"line":33,"column":16},"end":{"line":33,"column":82}},"17":{"start":{"line":37,"column":23},"end":{"line":37,"column":49}},"18":{"start":{"line":38,"column":8},"end":{"line":45,"column":9}},"19":{"start":{"line":40,"column":16},"end":{"line":40,"column":117}},"20":{"start":{"line":41,"column":16},"end":{"line":41,"column":67}},"21":{"start":{"line":43,"column":16},"end":{"line":43,"column":160}},"22":{"start":{"line":44,"column":16},"end":{"line":44,"column":49}},"23":{"start":{"line":48,"column":25},"end":{"line":48,"column":47}},"24":{"start":{"line":49,"column":8},"end":{"line":58,"column":9}},"25":{"start":{"line":51,"column":16},"end":{"line":51,"column":129}},"26":{"start":{"line":52,"column":16},"end":{"line":52,"column":43}},"27":{"start":{"line":55,"column":16},"end":{"line":55,"column":160}},"28":{"start":{"line":56,"column":16},"end":{"line":56,"column":49}}},"fnMap":{"0":{"name":"(anonymous_0)","decl":{"start":{"line":7,"column":4},"end":{"line":7,"column":5}},"loc":{"start":{"line":7,"column":18},"end":{"line":12,"column":5}},"line":7},"1":{"name":"(anonymous_1)","decl":{"start":{"line":13,"column":4},"end":{"line":13,"column":5}},"loc":{"start":{"line":13,"column":32},"end":{"line":24,"column":5}},"line":13},"2":{"name":"(anonymous_2)","decl":{"start":{"line":25,"column":4},"end":{"line":25,"column":5}},"loc":{"start":{"line":25,"column":22},"end":{"line":35,"column":5}},"line":25},"3":{"name":"(anonymous_3)","decl":{"start":{"line":36,"column":4},"end":{"line":36,"column":5}},"loc":{"start":{"line":36,"column":31},"end":{"line":46,"column":5}},"line":36},"4":{"name":"(anonymous_4)","decl":{"start":{"line":47,"column":4},"end":{"line":47,"column":5}},"loc":{"start":{"line":47,"column":27},"end":{"line":59,"column":5}},"line":47}},"branchMap":{"0":{"loc":{"start":{"line":15,"column":8},"end":{"line":23,"column":9}},"type":"switch","locations":[{"start":{"line":16,"column":12},"end":{"line":18,"column":66}},{"start":{"line":19,"column":12},"end":{"line":22,"column":87}}],"line":15},"1":{"loc":{"start":{"line":27,"column":8},"end":{"line":34,"column":9}},"type":"switch","locations":[{"start":{"line":28,"column":12},"end":{"line":30,"column":67}},{"start":{"line":31,"column":12},"end":{"line":33,"column":82}}],"line":27},"2":{"loc":{"start":{"line":38,"column":8},"end":{"line":45,"column":9}},"type":"switch","locations":[{"start":{"line":39,"column":12},"end":{"line":41,"column":67}},{"start":{"line":42,"column":12},"end":{"line":44,"column":49}}],"line":38},"3":{"loc":{"start":{"line":49,"column":8},"end":{"line":58,"column":9}},"type":"switch","locations":[{"start":{"line":50,"column":12},"end":{"line":53,"column":13}},{"start":{"line":54,"column":12},"end":{"line":57,"column":13}}],"line":49}},"s":{"0":3,"1":3,"2":3,"3":3,"4":1,"5":1,"6":1,"7":1,"8":0,"9":0,"10":0,"11":2,"12":1,"13":1,"14":1,"15":0,"16":0,"17":2,"18":1,"19":1,"20":1,"21":0,"22":0,"23":2,"24":1,"25":1,"26":1,"27":0,"28":0},"f":{"0":3,"1":1,"2":2,"3":2,"4":2},"b":{"0":[1,0],"1":[1,0],"2":[1,0],"3":[1,0]},"_coverageSchema":"1a1c01bbd47fc00a2c39e90264f33305004495a9","hash":"5048c22e0c7c445a690d2b536aa62e0d6d57c27c"}
}
