TN:
SF:src\app.js
FN:10,(anonymous_0)
FNF:1
FNH:1
FNDA:14,(anonymous_0)
DA:6,3
DA:8,3
DA:9,3
DA:10,3
DA:11,14
DA:12,14
DA:16,14
DA:18,3
LF:8
LH:8
BRF:0
BRH:0
end_of_record
TN:
SF:src\logger.js
FN:14,(anonymous_0)
FN:15,(anonymous_1)
FN:16,(anonymous_2)
FNF:3
FNH:2
FNDA:30,(anonymous_0)
FNDA:6,(anonymous_1)
FNDA:0,(anonymous_2)
DA:4,3
DA:10,3
DA:12,3
DA:14,30
DA:15,6
DA:16,0
LF:6
LH:5
BRF:0
BRH:0
end_of_record
TN:
SF:src\api\dummyapi.js
FN:4,(anonymous_0)
FN:11,(anonymous_1)
FN:18,(anonymous_2)
FN:30,(anonymous_3)
FN:42,(anonymous_4)
FN:52,(anonymous_5)
FN:59,(anonymous_6)
FN:66,(anonymous_7)
FNF:8
FNH:8
FNDA:1,(anonymous_0)
FNDA:2,(anonymous_1)
FNDA:2,(anonymous_2)
FNDA:2,(anonymous_3)
FNDA:2,(anonymous_4)
FNDA:2,(anonymous_5)
FNDA:2,(anonymous_6)
FNDA:1,(anonymous_7)
DA:4,3
DA:5,1
DA:11,3
DA:12,2
DA:18,3
DA:19,2
DA:30,3
DA:31,2
DA:42,3
DA:43,2
DA:52,3
DA:53,2
DA:59,3
DA:60,2
DA:66,3
DA:67,1
LF:16
LH:16
BRF:0
BRH:0
end_of_record
TN:
SF:src\constants\api\dummyapi.js
FNF:0
FNH:0
DA:1,3
DA:2,3
LF:2
LH:2
BRF:0
BRH:0
end_of_record
TN:
SF:src\controllers\commentController.js
FN:6,(anonymous_0)
FNF:1
FNH:1
FNDA:2,(anonymous_0)
DA:7,2
DA:8,2
DA:9,2
DA:13,2
DA:14,2
DA:16,2
DA:17,2
DA:21,1
DA:22,1
DA:24,1
DA:25,1
DA:26,1
DA:27,1
LF:13
LH:13
BRDA:7,0,0,0
BRDA:7,0,1,2
BRDA:8,1,0,0
BRDA:8,1,1,2
BRDA:13,2,0,0
BRDA:13,2,1,2
BRDA:14,3,0,0
BRDA:14,3,1,2
BRDA:14,4,0,2
BRDA:14,4,1,2
BRF:10
BRH:6
end_of_record
TN:
SF:src\controllers\postController.js
FN:6,(anonymous_0)
FN:29,(anonymous_1)
FN:46,(anonymous_2)
FNF:3
FNH:3
FNDA:1,(anonymous_0)
FNDA:2,(anonymous_1)
FNDA:2,(anonymous_2)
DA:7,1
DA:8,1
DA:9,1
DA:12,1
DA:13,1
DA:15,1
DA:16,1
DA:19,1
DA:20,1
DA:22,0
DA:23,0
DA:24,0
DA:25,0
DA:30,2
DA:32,2
DA:33,2
DA:36,1
DA:37,1
DA:39,1
DA:40,1
DA:41,1
DA:42,1
DA:47,2
DA:48,2
DA:49,2
DA:53,2
DA:54,2
DA:56,2
DA:57,2
DA:60,1
DA:61,1
DA:63,1
DA:64,1
DA:65,1
DA:66,1
LF:35
LH:31
BRDA:7,0,0,1
BRDA:7,0,1,0
BRDA:8,1,0,1
BRDA:8,1,1,0
BRDA:12,2,0,0
BRDA:12,2,1,1
BRDA:13,3,0,0
BRDA:13,3,1,1
BRDA:13,4,0,1
BRDA:13,4,1,1
BRDA:39,5,0,0
BRDA:39,5,1,1
BRDA:40,6,0,0
BRDA:40,6,1,1
BRDA:47,7,0,0
BRDA:47,7,1,2
BRDA:48,8,0,0
BRDA:48,8,1,2
BRDA:53,9,0,0
BRDA:53,9,1,2
BRDA:54,10,0,0
BRDA:54,10,1,2
BRDA:54,11,0,2
BRDA:54,11,1,2
BRDA:63,12,0,0
BRDA:63,12,1,1
BRDA:64,13,0,0
BRDA:64,13,1,1
BRF:28
BRH:16
end_of_record
TN:
SF:src\controllers\userController.js
FN:6,(anonymous_0)
FN:26,(anonymous_1)
FN:42,(anonymous_2)
FN:58,(anonymous_3)
FNF:4
FNH:4
FNDA:1,(anonymous_0)
FNDA:2,(anonymous_1)
FNDA:2,(anonymous_2)
FNDA:2,(anonymous_3)
DA:7,1
DA:8,1
DA:9,1
DA:11,1
DA:12,1
DA:14,1
DA:15,1
DA:18,1
DA:19,1
DA:21,0
DA:22,0
DA:23,0
DA:27,2
DA:29,2
DA:30,2
DA:33,1
DA:34,1
DA:36,1
DA:37,1
DA:38,1
DA:39,1
DA:43,2
DA:44,2
DA:45,2
DA:46,1
DA:49,1
DA:50,1
DA:52,1
DA:53,1
DA:54,1
DA:55,1
DA:59,2
DA:60,2
DA:61,2
DA:64,1
DA:65,1
DA:67,1
DA:68,1
DA:69,1
DA:70,1
LF:40
LH:37
BRDA:7,0,0,1
BRDA:7,0,1,0
BRDA:8,1,0,1
BRDA:8,1,1,0
BRDA:11,2,0,0
BRDA:11,2,1,1
BRDA:12,3,0,0
BRDA:12,3,1,1
BRDA:12,4,0,1
BRDA:12,4,1,1
BRDA:36,5,0,0
BRDA:36,5,1,1
BRDA:37,6,0,0
BRDA:37,6,1,1
BRDA:52,7,0,0
BRDA:52,7,1,1
BRDA:53,8,0,0
BRDA:53,8,1,1
BRDA:67,9,0,0
BRDA:67,9,1,1
BRDA:68,10,0,0
BRDA:68,10,1,1
BRF:22
BRH:12
end_of_record
TN:
SF:src\mappers\commentMapper.js
FN:2,(anonymous_0)
FN:5,(anonymous_1)
FN:6,(anonymous_2)
FNF:3
FNH:3
FNDA:3,(anonymous_0)
FNDA:1,(anonymous_1)
FNDA:1,(anonymous_2)
DA:3,3
DA:6,1
DA:13,1
DA:14,1
LF:4
LH:4
BRF:0
BRH:0
end_of_record
TN:
SF:src\mappers\postMapper.js
FN:2,(anonymous_0)
FN:8,(anonymous_1)
FN:18,(anonymous_2)
FN:27,(anonymous_3)
FN:28,(anonymous_4)
FN:33,(anonymous_5)
FN:34,(anonymous_6)
FNF:7
FNH:7
FNDA:3,(anonymous_0)
FNDA:6,(anonymous_1)
FNDA:12,(anonymous_2)
FNDA:1,(anonymous_3)
FNDA:12,(anonymous_4)
FNDA:1,(anonymous_5)
FNDA:5,(anonymous_6)
DA:3,3
DA:4,3
DA:5,3
DA:6,3
DA:9,6
DA:19,12
DA:28,12
DA:29,1
DA:30,1
DA:34,5
DA:35,1
DA:36,1
LF:12
LH:12
BRF:0
BRH:0
end_of_record
TN:
SF:src\mappers\userMapper.js
FN:2,(anonymous_0)
FN:8,(anonymous_1)
FN:9,(anonymous_2)
FN:13,(anonymous_3)
FN:22,(anonymous_4)
FNF:5
FNH:5
FNDA:3,(anonymous_0)
FNDA:1,(anonymous_1)
FNDA:5,(anonymous_2)
FNDA:5,(anonymous_3)
FNDA:2,(anonymous_4)
DA:3,3
DA:4,3
DA:5,3
DA:9,5
DA:10,1
DA:11,1
DA:14,5
DA:23,2
LF:8
LH:8
BRF:0
BRH:0
end_of_record
TN:
SF:src\routes\index.js
FNF:0
FNH:0
DA:5,3
DA:7,3
DA:8,3
LF:3
LH:3
BRF:0
BRH:0
end_of_record
TN:
SF:src\routes\postRouter.js
FNF:0
FNH:0
DA:5,3
DA:7,3
DA:8,3
DA:9,3
LF:4
LH:4
BRF:0
BRH:0
end_of_record
TN:
SF:src\routes\userRouter.js
FNF:0
FNH:0
DA:5,3
DA:7,3
DA:8,3
DA:9,3
DA:10,3
DA:11,3
LF:6
LH:6
BRF:0
BRH:0
end_of_record
TN:
SF:src\services\commentService.js
FN:7,(anonymous_0)
FNF:1
FNH:1
FNDA:2,(anonymous_0)
DA:8,2
DA:9,1
DA:11,1
DA:12,1
DA:15,0
DA:16,0
LF:6
LH:4
BRDA:9,0,0,1
BRDA:9,0,1,0
BRF:2
BRH:1
end_of_record
TN:
SF:src\services\postService.js
FN:7,(anonymous_0)
FN:13,(anonymous_1)
FN:24,(anonymous_2)
FN:35,(anonymous_3)
FNF:4
FNH:4
FNDA:3,(anonymous_0)
FNDA:1,(anonymous_1)
FNDA:2,(anonymous_2)
FNDA:2,(anonymous_3)
DA:8,3
DA:9,3
DA:10,3
DA:14,1
DA:15,1
DA:17,1
DA:18,1
DA:20,0
DA:21,0
DA:25,2
DA:26,1
DA:28,1
DA:29,1
DA:31,0
DA:32,0
DA:36,2
DA:37,1
DA:39,1
DA:40,1
DA:42,0
DA:43,0
LF:21
LH:15
BRDA:15,0,0,1
BRDA:15,0,1,0
BRDA:26,1,0,1
BRDA:26,1,1,0
BRDA:37,2,0,1
BRDA:37,2,1,0
BRF:6
BRH:3
end_of_record
TN:
SF:src\services\userService.js
FN:7,(anonymous_0)
FN:13,(anonymous_1)
FN:25,(anonymous_2)
FN:36,(anonymous_3)
FN:47,(anonymous_4)
FNF:5
FNH:5
FNDA:3,(anonymous_0)
FNDA:1,(anonymous_1)
FNDA:2,(anonymous_2)
FNDA:2,(anonymous_3)
FNDA:2,(anonymous_4)
DA:8,3
DA:9,3
DA:10,3
DA:11,3
DA:14,1
DA:15,1
DA:17,1
DA:18,1
DA:20,0
DA:21,0
DA:22,0
DA:26,2
DA:27,1
DA:29,1
DA:30,1
DA:32,0
DA:33,0
DA:37,2
DA:38,1
DA:40,1
DA:41,1
DA:43,0
DA:44,0
DA:48,2
DA:49,1
DA:51,1
DA:52,1
DA:55,0
DA:56,0
LF:29
LH:20
BRDA:15,0,0,1
BRDA:15,0,1,0
BRDA:27,1,0,1
BRDA:27,1,1,0
BRDA:38,2,0,1
BRDA:38,2,1,0
BRDA:49,3,0,1
BRDA:49,3,1,0
BRF:8
BRH:4
end_of_record
